Building DAG of jobs...
Using shell: /usr/bin/bash
Provided cores: 1 (use --cores to define parallelism)
Rules claiming more threads will be scaled down.
Job stats:
job        count    min threads    max threads
-------  -------  -------------  -------------
get_tpm        1              1              1
plot           1              1              1
total          2              1              1

Select jobs to execute...

[Sun Oct 27 03:26:06 2024]
rule get_tpm:
    output: ', S, o, l, i, d, T, i, s, s, u, e, N, o, r, m, a, l, ', _, t, p, m, ., t, s, v
    jobid: 1
    reason: Missing output files: N, e, T, S, u, m, i, t, _, d, p, v, a, s, l, o, ', r
    resources: tmpdir=/tmp

[Errno 22] Invalid argument: '.'
Waiting at most 5 seconds for missing files.
MissingOutputException in rule get_tpm in file /home/mkmahan/TCGA/main.smk, line 17:
Job 1  completed successfully, but some output files are missing. Missing files after 5 seconds. This might be due to filesystem latency. If that is the case, consider to increase the wait time with --latency-wait:
'
S
o
l
i
d
T
i
s
s
u
e
N
o
r
m
a
l
'
_
t
p
m
t
s
v
Removing output files of failed job get_tpm since they might be corrupted:
.
[Errno 22] Invalid argument: '.'
Shutting down, this might take some time.
Exiting because a job execution failed. Look above for error message
Complete log: .snakemake/log/2024-10-27T032605.793394.snakemake.log
