Building DAG of jobs...
Using shell: /usr/bin/bash
Provided cores: 1 (use --cores to define parallelism)
Rules claiming more threads will be scaled down.
Job stats:
job        count    min threads    max threads
-------  -------  -------------  -------------
get_tpm        2              1              1
plot           1              1              1
total          3              1              1

Select jobs to execute...

[Sun Oct 27 03:41:37 2024]
rule get_tpm:
    output: PrimaryTumor_tpm.tsv
    jobid: 2
    reason: Missing output files: PrimaryTumor_tpm.tsv
    wildcards: type=PrimaryTumor
    resources: tmpdir=/tmp

[Sun Oct 27 03:42:54 2024]
Finished job 2.
1 of 3 steps (33%) done
Select jobs to execute...

[Sun Oct 27 03:42:54 2024]
rule get_tpm:
    output: SolidTissueNormal_tpm.tsv
    jobid: 1
    reason: Missing output files: SolidTissueNormal_tpm.tsv
    wildcards: type=SolidTissueNormal
    resources: tmpdir=/tmp

Warning: the following output files of rule get_tpm were not present when the DAG was created:
{'SolidTissueNormal_tpm.tsv'}
[Sun Oct 27 03:44:25 2024]
Finished job 1.
2 of 3 steps (67%) done
Select jobs to execute...

[Sun Oct 27 03:44:25 2024]
rule plot:
    input: SolidTissueNormal_tpm.tsv, PrimaryTumor_tpm.tsv
    output: ggplots/plot_stn_pt.pdf
    jobid: 0
    reason: Missing output files: ggplots/plot_stn_pt.pdf; Input files updated by another job: SolidTissueNormal_tpm.tsv, PrimaryTumor_tpm.tsv
    resources: tmpdir=/tmp

[Sun Oct 27 03:44:26 2024]
Finished job 0.
3 of 3 steps (100%) done
Complete log: .snakemake/log/2024-10-27T034136.528020.snakemake.log
