Building DAG of jobs...
Using shell: /usr/bin/bash
Provided cores: 1 (use --cores to define parallelism)
Rules claiming more threads will be scaled down.
Job stats:
job        count    min threads    max threads
-------  -------  -------------  -------------
get_tpm        1              1              1
plot           1              1              1
total          2              1              1

Select jobs to execute...

[Sun Oct 27 01:20:42 2024]
rule get_tpm:
    output: stn_tpm.tsv
    jobid: 1
    reason: Missing output files: stn_tpm.tsv
    wildcards: type=stn
    resources: tmpdir=/tmp

[Sun Oct 27 01:22:21 2024]
Finished job 1.
1 of 2 steps (50%) done
Select jobs to execute...

[Sun Oct 27 01:22:21 2024]
rule plot:
    input: stn_tpm.tsv
    output: ggplots/plot_stn_pt.png
    jobid: 0
    reason: Missing output files: ggplots/plot_stn_pt.png; Input files updated by another job: stn_tpm.tsv
    resources: tmpdir=/tmp

[Sun Oct 27 01:22:22 2024]
Error in rule plot:
    jobid: 0
    input: stn_tpm.tsv
    output: ggplots/plot_stn_pt.png
    shell:
        Rscript plot.R stn_tpm.tsv
        (one of the commands exited with non-zero exit code; note that snakemake uses bash strict mode!)

Shutting down, this might take some time.
Exiting because a job execution failed. Look above for error message
Complete log: .snakemake/log/2024-10-27T012041.297226.snakemake.log
