Building DAG of jobs...
Using shell: /usr/bin/bash
Provided cores: 1 (use --cores to define parallelism)
Rules claiming more threads will be scaled down.
Job stats:
job      count    min threads    max threads
-----  -------  -------------  -------------
plot         1              1              1
total        1              1              1

Select jobs to execute...

[Sun Oct 27 01:25:15 2024]
rule plot:
    input: stn_tpm.tsv
    output: ggplots/plot_stn_pt.png
    jobid: 0
    reason: Missing output files: ggplots/plot_stn_pt.png
    resources: tmpdir=/tmp

[Sun Oct 27 01:25:17 2024]
Finished job 0.
1 of 1 steps (100%) done
Complete log: .snakemake/log/2024-10-27T012514.796222.snakemake.log
